# JRE version: OpenJDK Runtime Environment Temurin-21.0.10+7 (21.0.10+7) (build 21.0.10+7-LTS)
# Java VM: OpenJDK 64-Bit Server VM Temurin-21.0.10+7 (21.0.10+7-LTS, mixed mode, sharing, tiered, compressed oops, compressed class ptrs, parallel gc, windows-amd64)
GC Precious Log:
 CardTable entry size: 512
 CPUs: 12 total, 12 available
 Memory: 7498M
 Large Page Support: Disabled
 NUMA Support: Disabled
 Compressed Oops: Enabled (32-bit)
 Alignments: Space 512K, Generation 512K, Heap 2M
 Heap Min Capacity: 100M
 Heap Initial Capacity: 100M
 Heap Max Capacity: 2G
 Pre-touch: Disabled
 Parallel Workers: 10
Heap:
 PSYoungGen      total 14336K, used 3850K [0x00000000d5580000, 0x00000000d6580000, 0x0000000100000000)
  eden space 12800K, 19% used [0x00000000d5580000,0x00000000d57fdec8,0x00000000d6200000)
  from space 1536K, 84% used [0x00000000d6400000,0x00000000d6544938,0x00000000d6580000)
  to   space 1536K, 0% used [0x00000000d6280000,0x00000000d6280000,0x00000000d6400000)
 ParOldGen       total 74240K, used 60886K [0x0000000080000000, 0x0000000084880000, 0x00000000d5580000)
  object space 74240K, 82% used [0x0000000080000000,0x0000000083b75ab0,0x0000000084880000)
 Metaspace       used 61395K, committed 62848K, reserved 1114112K
  class space    used 6559K, committed 7168K, reserved 1048576K
GC Heap History (20 events):
Event: 17.646 GC heap before
{Heap before GC invocations=82 (full 3):
 PSYoungGen      total 14336K, used 13824K [0x00000000d5580000, 0x00000000d6580000, 0x0000000100000000)
  eden space 13824K, 100% used [0x00000000d5580000,0x00000000d6300000,0x00000000d6300000)
  from space 512K, 0% used [0x00000000d6500000,0x00000000d6500000,0x00000000d6580000)
  to   space 1024K, 0% used [0x00000000d6380000,0x00000000d6380000,0x00000000d6480000)
 ParOldGen       total 74240K, used 54084K [0x0000000080000000, 0x0000000084880000, 0x00000000d5580000)
  object space 74240K, 72% used [0x0000000080000000,0x00000000834d1078,0x0000000084880000)
 Metaspace       used 58692K, committed 60096K, reserved 1114112K
  class space    used 6334K, committed 6912K, reserved 1048576K
}
Event: 17.648 GC heap after
{Heap after GC invocations=82 (full 3):
 PSYoungGen      total 14848K, used 1002K [0x00000000d5580000, 0x00000000d6600000, 0x0000000100000000)
  eden space 13824K, 0% used [0x00000000d5580000,0x00000000d5580000,0x00000000d6300000)
  from space 1024K, 97% used [0x00000000d6380000,0x00000000d647a8a8,0x00000000d6480000)
  to   space 1536K, 0% used [0x00000000d6480000,0x00000000d6480000,0x00000000d6600000)
 ParOldGen       total 74240K, used 54124K [0x0000000080000000, 0x0000000084880000, 0x00000000d5580000)
  object space 74240K, 72% used [0x0000000080000000,0x00000000834db078,0x0000000084880000)
 Metaspace       used 58692K, committed 60096K, reserved 1114112K
  class space    used 6334K, committed 6912K, reserved 1048576K
}
Event: 17.680 GC heap before
{Heap before GC invocations=83 (full 3):
 PSYoungGen      total 14848K, used 14826K [0x00000000d5580000, 0x00000000d6600000, 0x0000000100000000)
  eden space 13824K, 100% used [0x00000000d5580000,0x00000000d6300000,0x00000000d6300000)
  from space 1024K, 97% used [0x00000000d6380000,0x00000000d647a8a8,0x00000000d6480000)
  to   space 1536K, 0% used [0x00000000d6480000,0x00000000d6480000,0x00000000d6600000)
 ParOldGen       total 74240K, used 54124K [0x0000000080000000, 0x0000000084880000, 0x00000000d5580000)
  object space 74240K, 72% used [0x0000000080000000,0x00000000834db078,0x0000000084880000)
 Metaspace       used 58746K, committed 60160K, reserved 1114112K
  class space    used 6339K, committed 6912K, reserved 1048576K
}
Event: 17.682 GC heap after
{Heap after GC invocations=83 (full 3):
 PSYoungGen      total 14336K, used 448K [0x00000000d5580000, 0x00000000d6500000, 0x0000000100000000)
  eden space 13824K, 0% used [0x00000000d5580000,0x00000000d5580000,0x00000000d6300000)
  from space 512K, 87% used [0x00000000d6480000,0x00000000d64f0020,0x00000000d6500000)
  to   space 1024K, 0% used [0x00000000d6300000,0x00000000d6300000,0x00000000d6400000)
 ParOldGen       total 74240K, used 55028K [0x0000000080000000, 0x0000000084880000, 0x00000000d5580000)
  object space 74240K, 74% used [0x0000000080000000,0x00000000835bd310,0x0000000084880000)
 Metaspace       used 58746K, committed 60160K, reserved 1114112K
  class space    used 6339K, committed 6912K, reserved 1048576K
}
Event: 17.721 GC heap before
{Heap before GC invocations=84 (full 3):
 PSYoungGen      total 14336K, used 14272K [0x00000000d5580000, 0x00000000d6500000, 0x0000000100000000)
  eden space 13824K, 100% used [0x00000000d5580000,0x00000000d6300000,0x00000000d6300000)
  from space 512K, 87% used [0x00000000d6480000,0x00000000d64f0020,0x00000000d6500000)
  to   space 1024K, 0% used [0x00000000d6300000,0x00000000d6300000,0x00000000d6400000)
 ParOldGen       total 74240K, used 55028K [0x0000000080000000, 0x0000000084880000, 0x00000000d5580000)
  object space 74240K, 74% used [0x0000000080000000,0x00000000835bd310,0x0000000084880000)
 Metaspace       used 58766K, committed 60160K, reserved 1114112K
  class space    used 6340K, committed 6912K, reserved 1048576K
}
Event: 17.722 GC heap after
{Heap after GC invocations=84 (full 3):
 PSYoungGen      total 14848K, used 604K [0x00000000d5580000, 0x00000000d6500000, 0x0000000100000000)
  eden space 13824K, 0% used [0x00000000d5580000,0x00000000d5580000,0x00000000d6300000)
  from space 1024K, 59% used [0x00000000d6300000,0x00000000d6397130,0x00000000d6400000)
  to   space 1024K, 0% used [0x00000000d6400000,0x00000000d6400000,0x00000000d6500000)
 ParOldGen       total 74240K, used 55364K [0x0000000080000000, 0x0000000084880000, 0x00000000d5580000)
  object space 74240K, 74% used [0x0000000080000000,0x0000000083611330,0x0000000084880000)
 Metaspace       used 58766K, committed 60160K, reserved 1114112K
  class space    used 6340K, committed 6912K, reserved 1048576K
}
Event: 17.765 GC heap before
{Heap before GC invocations=85 (full 3):
 PSYoungGen      total 14848K, used 14428K [0x00000000d5580000, 0x00000000d6500000, 0x0000000100000000)
  eden space 13824K, 100% used [0x00000000d5580000,0x00000000d6300000,0x00000000d6300000)
  from space 1024K, 59% used [0x00000000d6300000,0x00000000d6397130,0x00000000d6400000)
  to   space 1024K, 0% used [0x00000000d6400000,0x00000000d6400000,0x00000000d6500000)
 ParOldGen       total 74240K, used 55364K [0x0000000080000000, 0x0000000084880000, 0x00000000d5580000)
  object space 74240K, 74% used [0x0000000080000000,0x0000000083611330,0x0000000084880000)
 Metaspace       used 58784K, committed 60160K, reserved 1114112K
  class space    used 6341K, committed 6912K, reserved 1048576K
}
Event: 17.767 GC heap after
{Heap after GC invocations=85 (full 3):
 PSYoungGen      total 14848K, used 480K [0x00000000d5580000, 0x00000000d6500000, 0x0000000100000000)
  eden space 13824K, 0% used [0x00000000d5580000,0x00000000d5580000,0x00000000d6300000)
  from space 1024K, 46% used [0x00000000d6400000,0x00000000d6478000,0x00000000d6500000)
  to   space 1024K, 0% used [0x00000000d6300000,0x00000000d6300000,0x00000000d6400000)
 ParOldGen       total 74240K, used 55844K [0x0000000080000000, 0x0000000084880000, 0x00000000d5580000)
  object space 74240K, 75% used [0x0000000080000000,0x0000000083689278,0x0000000084880000)
 Metaspace       used 58784K, committed 60160K, reserved 1114112K
  class space    used 6341K, committed 6912K, reserved 1048576K
}
Event: 17.797 GC heap before
{Heap before GC invocations=86 (full 3):
 PSYoungGen      total 14848K, used 14304K [0x00000000d5580000, 0x00000000d6500000, 0x0000000100000000)
  eden space 13824K, 100% used [0x00000000d5580000,0x00000000d6300000,0x00000000d6300000)
  from space 1024K, 46% used [0x00000000d6400000,0x00000000d6478000,0x00000000d6500000)
  to   space 1024K, 0% used [0x00000000d6300000,0x00000000d6300000,0x00000000d6400000)
 ParOldGen       total 74240K, used 55844K [0x0000000080000000, 0x0000000084880000, 0x00000000d5580000)
  object space 74240K, 75% used [0x0000000080000000,0x0000000083689278,0x0000000084880000)
 Metaspace       used 58793K, committed 60224K, reserved 1114112K
  class space    used 6341K, committed 6912K, reserved 1048576K
}
Event: 17.799 GC heap after
{Heap after GC invocations=86 (full 3):
 PSYoungGen      total 14848K, used 616K [0x00000000d5580000, 0x00000000d6500000, 0x0000000100000000)
  eden space 13824K, 0% used [0x00000000d5580000,0x00000000d5580000,0x00000000d6300000)
  from space 1024K, 60% used [0x00000000d6300000,0x00000000d639a3d0,0x00000000d6400000)
  to   space 1024K, 0% used [0x00000000d6400000,0x00000000d6400000,0x00000000d6500000)
 ParOldGen       total 74240K, used 56148K [0x0000000080000000, 0x0000000084880000, 0x00000000d5580000)
  object space 74240K, 75% used [0x0000000080000000,0x00000000836d5278,0x0000000084880000)
 Metaspace       used 58793K, committed 60224K, reserved 1114112K
  class space    used 6341K, committed 6912K, reserved 1048576K
}
Event: 17.873 GC heap before
{Heap before GC invocations=87 (full 3):
 PSYoungGen      total 14848K, used 14440K [0x00000000d5580000, 0x00000000d6500000, 0x0000000100000000)
  eden space 13824K, 100% used [0x00000000d5580000,0x00000000d6300000,0x00000000d6300000)
  from space 1024K, 60% used [0x00000000d6300000,0x00000000d639a3d0,0x00000000d6400000)
  to   space 1024K, 0% used [0x00000000d6400000,0x00000000d6400000,0x00000000d6500000)
 ParOldGen       total 74240K, used 56148K [0x0000000080000000, 0x0000000084880000, 0x00000000d5580000)
  object space 74240K, 75% used [0x0000000080000000,0x00000000836d5278,0x0000000084880000)
 Metaspace       used 58806K, committed 60224K, reserved 1114112K
  class space    used 6341K, committed 6912K, reserved 1048576K
}
Event: 17.875 GC heap after
{Heap after GC invocations=87 (full 3):
 PSYoungGen      total 14848K, used 876K [0x00000000d5580000, 0x00000000d6500000, 0x0000000100000000)
  eden space 13824K, 0% used [0x00000000d5580000,0x00000000d5580000,0x00000000d6300000)
  from space 1024K, 85% used [0x00000000d6400000,0x00000000d64db1c8,0x00000000d6500000)
  to   space 1024K, 0% used [0x00000000d6300000,0x00000000d6300000,0x00000000d6400000)
 ParOldGen       total 74240K, used 57408K [0x0000000080000000, 0x0000000084880000, 0x00000000d5580000)
  object space 74240K, 77% used [0x0000000080000000,0x0000000083810110,0x0000000084880000)
 Metaspace       used 58806K, committed 60224K, reserved 1114112K
  class space    used 6341K, committed 6912K, reserved 1048576K
}
Event: 17.964 GC heap before
{Heap before GC invocations=88 (full 3):
 PSYoungGen      total 14848K, used 14700K [0x00000000d5580000, 0x00000000d6500000, 0x0000000100000000)
  eden space 13824K, 100% used [0x00000000d5580000,0x00000000d6300000,0x00000000d6300000)
  from space 1024K, 85% used [0x00000000d6400000,0x00000000d64db1c8,0x00000000d6500000)
  to   space 1024K, 0% used [0x00000000d6300000,0x00000000d6300000,0x00000000d6400000)
 ParOldGen       total 74240K, used 57408K [0x0000000080000000, 0x0000000084880000, 0x00000000d5580000)
  object space 74240K, 77% used [0x0000000080000000,0x0000000083810110,0x0000000084880000)
 Metaspace       used 59129K, committed 60544K, reserved 1114112K
  class space    used 6372K, committed 6976K, reserved 1048576K
}
Event: 17.966 GC heap after
{Heap after GC invocations=88 (full 3):
 PSYoungGen      total 14848K, used 737K [0x00000000d5580000, 0x00000000d6500000, 0x0000000100000000)
  eden space 13824K, 0% used [0x00000000d5580000,0x00000000d5580000,0x00000000d6300000)
  from space 1024K, 71% used [0x00000000d6300000,0x00000000d63b8420,0x00000000d6400000)
  to   space 1024K, 0% used [0x00000000d6400000,0x00000000d6400000,0x00000000d6500000)
 ParOldGen       total 74240K, used 58144K [0x0000000080000000, 0x0000000084880000, 0x00000000d5580000)
  object space 74240K, 78% used [0x0000000080000000,0x00000000838c8090,0x0000000084880000)
 Metaspace       used 59129K, committed 60544K, reserved 1114112K
  class space    used 6372K, committed 6976K, reserved 1048576K
}
Event: 18.211 GC heap before
{Heap before GC invocations=89 (full 3):
 PSYoungGen      total 14848K, used 14561K [0x00000000d5580000, 0x00000000d6500000, 0x0000000100000000)
  eden space 13824K, 100% used [0x00000000d5580000,0x00000000d6300000,0x00000000d6300000)
  from space 1024K, 71% used [0x00000000d6300000,0x00000000d63b8420,0x00000000d6400000)
  to   space 1024K, 0% used [0x00000000d6400000,0x00000000d6400000,0x00000000d6500000)
 ParOldGen       total 74240K, used 58144K [0x0000000080000000, 0x0000000084880000, 0x00000000d5580000)
  object space 74240K, 78% used [0x0000000080000000,0x00000000838c8090,0x0000000084880000)
 Metaspace       used 59703K, committed 61120K, reserved 1114112K
  class space    used 6432K, committed 6976K, reserved 1048576K
}
Event: 18.213 GC heap after
{Heap after GC invocations=89 (full 3):
 PSYoungGen      total 13824K, used 1000K [0x00000000d5580000, 0x00000000d6700000, 0x0000000100000000)
  eden space 12800K, 0% used [0x00000000d5580000,0x00000000d5580000,0x00000000d6200000)
  from space 1024K, 97% used [0x00000000d6400000,0x00000000d64fa2c0,0x00000000d6500000)
  to   space 2048K, 0% used [0x00000000d6200000,0x00000000d6200000,0x00000000d6400000)
 ParOldGen       total 74240K, used 58815K [0x0000000080000000, 0x0000000084880000, 0x00000000d5580000)
  object space 74240K, 79% used [0x0000000080000000,0x000000008396fcb8,0x0000000084880000)
 Metaspace       used 59703K, committed 61120K, reserved 1114112K
  class space    used 6432K, committed 6976K, reserved 1048576K
}
Event: 18.522 GC heap before
{Heap before GC invocations=90 (full 3):
 PSYoungGen      total 13824K, used 13798K [0x00000000d5580000, 0x00000000d6700000, 0x0000000100000000)
  eden space 12800K, 99% used [0x00000000d5580000,0x00000000d61ff8c8,0x00000000d6200000)
  from space 1024K, 97% used [0x00000000d6400000,0x00000000d64fa2c0,0x00000000d6500000)
  to   space 2048K, 0% used [0x00000000d6200000,0x00000000d6200000,0x00000000d6400000)
 ParOldGen       total 74240K, used 58815K [0x0000000080000000, 0x0000000084880000, 0x00000000d5580000)
  object space 74240K, 79% used [0x0000000080000000,0x000000008396fcb8,0x0000000084880000)
 Metaspace       used 60437K, committed 61824K, reserved 1114112K
  class space    used 6483K, committed 7040K, reserved 1048576K
}
Event: 18.525 GC heap after
{Heap after GC invocations=90 (full 3):
 PSYoungGen      total 14848K, used 1594K [0x00000000d5580000, 0x00000000d6600000, 0x0000000100000000)
  eden space 12800K, 0% used [0x00000000d5580000,0x00000000d5580000,0x00000000d6200000)
  from space 2048K, 77% used [0x00000000d6200000,0x00000000d638eba0,0x00000000d6400000)
  to   space 2048K, 0% used [0x00000000d6400000,0x00000000d6400000,0x00000000d6600000)
 ParOldGen       total 74240K, used 59541K [0x0000000080000000, 0x0000000084880000, 0x00000000d5580000)
  object space 74240K, 80% used [0x0000000080000000,0x0000000083a25618,0x0000000084880000)
 Metaspace       used 60437K, committed 61824K, reserved 1114112K
  class space    used 6483K, committed 7040K, reserved 1048576K
}
Event: 31.492 GC heap before
{Heap before GC invocations=91 (full 3):
 PSYoungGen      total 14848K, used 14394K [0x00000000d5580000, 0x00000000d6600000, 0x0000000100000000)
  eden space 12800K, 100% used [0x00000000d5580000,0x00000000d6200000,0x00000000d6200000)
  from space 2048K, 77% used [0x00000000d6200000,0x00000000d638eba0,0x00000000d6400000)
  to   space 2048K, 0% used [0x00000000d6400000,0x00000000d6400000,0x00000000d6600000)
 ParOldGen       total 74240K, used 59541K [0x0000000080000000, 0x0000000084880000, 0x00000000d5580000)
  object space 74240K, 80% used [0x0000000080000000,0x0000000083a25618,0x0000000084880000)
 Metaspace       used 61195K, committed 62656K, reserved 1114112K
  class space    used 6549K, committed 7168K, reserved 1048576K
}
Event: 31.496 GC heap after
{Heap after GC invocations=91 (full 3):
 PSYoungGen      total 14336K, used 1298K [0x00000000d5580000, 0x00000000d6580000, 0x0000000100000000)
  eden space 12800K, 0% used [0x00000000d5580000,0x00000000d5580000,0x00000000d6200000)
  from space 1536K, 84% used [0x00000000d6400000,0x00000000d6544938,0x00000000d6580000)
  to   space 1536K, 0% used [0x00000000d6280000,0x00000000d6280000,0x00000000d6400000)
 ParOldGen       total 74240K, used 60886K [0x0000000080000000, 0x0000000084880000, 0x00000000d5580000)
  object space 74240K, 82% used [0x0000000080000000,0x0000000083b75ab0,0x0000000084880000)
 Metaspace       used 61195K, committed 62656K, reserved 1114112K
  class space    used 6549K, committed 7168K, reserved 1048576K
}

