# JRE version: OpenJDK Runtime Environment Temurin-21.0.10+7 (21.0.10+7) (build 21.0.10+7-LTS)
# Java VM: OpenJDK 64-Bit Server VM Temurin-21.0.10+7 (21.0.10+7-LTS, mixed mode, sharing, tiered, compressed oops, compressed class ptrs, parallel gc, windows-amd64)
GC Precious Log:
 CardTable entry size: 512
 CPUs: 12 total, 12 available
 Memory: 7498M
 Large Page Support: Disabled
 NUMA Support: Disabled
 Compressed Oops: Enabled (32-bit)
 Alignments: Space 512K, Generation 512K, Heap 2M
 Heap Min Capacity: 100M
 Heap Initial Capacity: 100M
 Heap Max Capacity: 2G
 Pre-touch: Disabled
 Parallel Workers: 10
Heap:
 PSYoungGen      total 3072K, used 1076K [0x00000000d5580000, 0x00000000d5980000, 0x0000000100000000)
  eden space 2560K, 32% used [0x00000000d5580000,0x00000000d564d098,0x00000000d5800000)
  from space 512K, 50% used [0x00000000d5880000,0x00000000d58c0000,0x00000000d5900000)
  to   space 512K, 0% used [0x00000000d5900000,0x00000000d5900000,0x00000000d5980000)
 ParOldGen       total 861696K, used 861267K [0x0000000080000000, 0x00000000b4980000, 0x00000000d5580000)
  object space 861696K, 99% used [0x0000000080000000,0x00000000b4914f50,0x00000000b4980000)
 Metaspace       used 76899K, committed 78464K, reserved 1179648K
  class space    used 7760K, committed 8512K, reserved 1048576K
GC Heap History (20 events):
Event: 11615.485 GC heap before
{Heap before GC invocations=623 (full 4):
 PSYoungGen      total 4096K, used 3188K [0x00000000d5580000, 0x00000000d5a80000, 0x0000000100000000)
  eden space 2560K, 100% used [0x00000000d5580000,0x00000000d5800000,0x00000000d5800000)
  from space 1536K, 40% used [0x00000000d5800000,0x00000000d589d200,0x00000000d5980000)
  to   space 1024K, 0% used [0x00000000d5980000,0x00000000d5980000,0x00000000d5a80000)
 ParOldGen       total 858624K, used 858236K [0x0000000080000000, 0x00000000b4680000, 0x00000000d5580000)
  object space 858624K, 99% used [0x0000000080000000,0x00000000b461f1c0,0x00000000b4680000)
 Metaspace       used 76842K, committed 78336K, reserved 1179648K
  class space    used 7760K, committed 8512K, reserved 1048576K
}
Event: 11615.487 GC heap after
{Heap after GC invocations=623 (full 4):
 PSYoungGen      total 3584K, used 656K [0x00000000d5580000, 0x00000000d5a80000, 0x0000000100000000)
  eden space 2560K, 0% used [0x00000000d5580000,0x00000000d5580000,0x00000000d5800000)
  from space 1024K, 64% used [0x00000000d5980000,0x00000000d5a24010,0x00000000d5a80000)
  to   space 1024K, 0% used [0x00000000d5880000,0x00000000d5880000,0x00000000d5980000)
 ParOldGen       total 859136K, used 858713K [0x0000000080000000, 0x00000000b4700000, 0x00000000d5580000)
  object space 859136K, 99% used [0x0000000080000000,0x00000000b4696400,0x00000000b4700000)
 Metaspace       used 76842K, committed 78336K, reserved 1179648K
  class space    used 7760K, committed 8512K, reserved 1048576K
}
Event: 11615.499 GC heap before
{Heap before GC invocations=624 (full 4):
 PSYoungGen      total 3584K, used 3216K [0x00000000d5580000, 0x00000000d5a80000, 0x0000000100000000)
  eden space 2560K, 100% used [0x00000000d5580000,0x00000000d5800000,0x00000000d5800000)
  from space 1024K, 64% used [0x00000000d5980000,0x00000000d5a24010,0x00000000d5a80000)
  to   space 1024K, 0% used [0x00000000d5880000,0x00000000d5880000,0x00000000d5980000)
 ParOldGen       total 859136K, used 858713K [0x0000000080000000, 0x00000000b4700000, 0x00000000d5580000)
  object space 859136K, 99% used [0x0000000080000000,0x00000000b4696400,0x00000000b4700000)
 Metaspace       used 76842K, committed 78336K, reserved 1179648K
  class space    used 7760K, committed 8512K, reserved 1048576K
}
Event: 11615.501 GC heap after
{Heap after GC invocations=624 (full 4):
 PSYoungGen      total 3072K, used 448K [0x00000000d5580000, 0x00000000d5a00000, 0x0000000100000000)
  eden space 2560K, 0% used [0x00000000d5580000,0x00000000d5580000,0x00000000d5800000)
  from space 512K, 87% used [0x00000000d5880000,0x00000000d58f0000,0x00000000d5900000)
  to   space 1024K, 0% used [0x00000000d5900000,0x00000000d5900000,0x00000000d5a00000)
 ParOldGen       total 859648K, used 859304K [0x0000000080000000, 0x00000000b4780000, 0x00000000d5580000)
  object space 859648K, 99% used [0x0000000080000000,0x00000000b472a2b8,0x00000000b4780000)
 Metaspace       used 76842K, committed 78336K, reserved 1179648K
  class space    used 7760K, committed 8512K, reserved 1048576K
}
Event: 11615.515 GC heap before
{Heap before GC invocations=625 (full 4):
 PSYoungGen      total 3072K, used 3008K [0x00000000d5580000, 0x00000000d5a00000, 0x0000000100000000)
  eden space 2560K, 100% used [0x00000000d5580000,0x00000000d5800000,0x00000000d5800000)
  from space 512K, 87% used [0x00000000d5880000,0x00000000d58f0000,0x00000000d5900000)
  to   space 1024K, 0% used [0x00000000d5900000,0x00000000d5900000,0x00000000d5a00000)
 ParOldGen       total 859648K, used 859304K [0x0000000080000000, 0x00000000b4780000, 0x00000000d5580000)
  object space 859648K, 99% used [0x0000000080000000,0x00000000b472a2b8,0x00000000b4780000)
 Metaspace       used 76844K, committed 78336K, reserved 1179648K
  class space    used 7760K, committed 8512K, reserved 1048576K
}
Event: 11615.517 GC heap after
{Heap after GC invocations=625 (full 4):
 PSYoungGen      total 3584K, used 756K [0x00000000d5580000, 0x00000000d5a00000, 0x0000000100000000)
  eden space 2560K, 0% used [0x00000000d5580000,0x00000000d5580000,0x00000000d5800000)
  from space 1024K, 73% used [0x00000000d5900000,0x00000000d59bd200,0x00000000d5a00000)
  to   space 1024K, 0% used [0x00000000d5800000,0x00000000d5800000,0x00000000d5900000)
 ParOldGen       total 859648K, used 859632K [0x0000000080000000, 0x00000000b4780000, 0x00000000d5580000)
  object space 859648K, 99% used [0x0000000080000000,0x00000000b477c2b8,0x00000000b4780000)
 Metaspace       used 76844K, committed 78336K, reserved 1179648K
  class space    used 7760K, committed 8512K, reserved 1048576K
}
Event: 11615.529 GC heap before
{Heap before GC invocations=626 (full 4):
 PSYoungGen      total 3584K, used 3316K [0x00000000d5580000, 0x00000000d5a00000, 0x0000000100000000)
  eden space 2560K, 100% used [0x00000000d5580000,0x00000000d5800000,0x00000000d5800000)
  from space 1024K, 73% used [0x00000000d5900000,0x00000000d59bd200,0x00000000d5a00000)
  to   space 1024K, 0% used [0x00000000d5800000,0x00000000d5800000,0x00000000d5900000)
 ParOldGen       total 859648K, used 859632K [0x0000000080000000, 0x00000000b4780000, 0x00000000d5580000)
  object space 859648K, 99% used [0x0000000080000000,0x00000000b477c2b8,0x00000000b4780000)
 Metaspace       used 76854K, committed 78336K, reserved 1179648K
  class space    used 7760K, committed 8512K, reserved 1048576K
}
Event: 11615.531 GC heap after
{Heap after GC invocations=626 (full 4):
 PSYoungGen      total 3584K, used 576K [0x00000000d5580000, 0x00000000d5a00000, 0x0000000100000000)
  eden space 2560K, 0% used [0x00000000d5580000,0x00000000d5580000,0x00000000d5800000)
  from space 1024K, 56% used [0x00000000d5800000,0x00000000d5890000,0x00000000d5900000)
  to   space 1024K, 0% used [0x00000000d5900000,0x00000000d5900000,0x00000000d5a00000)
 ParOldGen       total 860672K, used 860284K [0x0000000080000000, 0x00000000b4880000, 0x00000000d5580000)
  object space 860672K, 99% used [0x0000000080000000,0x00000000b481f130,0x00000000b4880000)
 Metaspace       used 76854K, committed 78336K, reserved 1179648K
  class space    used 7760K, committed 8512K, reserved 1048576K
}
Event: 11633.090 GC heap before
{Heap before GC invocations=627 (full 4):
 PSYoungGen      total 3584K, used 3136K [0x00000000d5580000, 0x00000000d5a00000, 0x0000000100000000)
  eden space 2560K, 100% used [0x00000000d5580000,0x00000000d5800000,0x00000000d5800000)
  from space 1024K, 56% used [0x00000000d5800000,0x00000000d5890000,0x00000000d5900000)
  to   space 1024K, 0% used [0x00000000d5900000,0x00000000d5900000,0x00000000d5a00000)
 ParOldGen       total 860672K, used 860284K [0x0000000080000000, 0x00000000b4880000, 0x00000000d5580000)
  object space 860672K, 99% used [0x0000000080000000,0x00000000b481f130,0x00000000b4880000)
 Metaspace       used 76866K, committed 78336K, reserved 1179648K
  class space    used 7760K, committed 8512K, reserved 1048576K
}
Event: 11633.095 GC heap after
{Heap after GC invocations=627 (full 4):
 PSYoungGen      total 3584K, used 480K [0x00000000d5580000, 0x00000000d5a00000, 0x0000000100000000)
  eden space 2560K, 0% used [0x00000000d5580000,0x00000000d5580000,0x00000000d5800000)
  from space 1024K, 46% used [0x00000000d5900000,0x00000000d5978000,0x00000000d5a00000)
  to   space 1024K, 0% used [0x00000000d5800000,0x00000000d5800000,0x00000000d5900000)
 ParOldGen       total 861184K, used 860768K [0x0000000080000000, 0x00000000b4900000, 0x00000000d5580000)
  object space 861184K, 99% used [0x0000000080000000,0x00000000b4898140,0x00000000b4900000)
 Metaspace       used 76866K, committed 78336K, reserved 1179648K
  class space    used 7760K, committed 8512K, reserved 1048576K
}
Event: 11633.110 GC heap before
{Heap before GC invocations=628 (full 4):
 PSYoungGen      total 3584K, used 3039K [0x00000000d5580000, 0x00000000d5a00000, 0x0000000100000000)
  eden space 2560K, 99% used [0x00000000d5580000,0x00000000d57ffff8,0x00000000d5800000)
  from space 1024K, 46% used [0x00000000d5900000,0x00000000d5978000,0x00000000d5a00000)
  to   space 1024K, 0% used [0x00000000d5800000,0x00000000d5800000,0x00000000d5900000)
 ParOldGen       total 861184K, used 860768K [0x0000000080000000, 0x00000000b4900000, 0x00000000d5580000)
  object space 861184K, 99% used [0x0000000080000000,0x00000000b4898140,0x00000000b4900000)
 Metaspace       used 76867K, committed 78336K, reserved 1179648K
  class space    used 7760K, committed 8512K, reserved 1048576K
}
Event: 11633.113 GC heap after
{Heap after GC invocations=628 (full 4):
 PSYoungGen      total 3584K, used 548K [0x00000000d5580000, 0x00000000d5a00000, 0x0000000100000000)
  eden space 2560K, 0% used [0x00000000d5580000,0x00000000d5580000,0x00000000d5800000)
  from space 1024K, 53% used [0x00000000d5800000,0x00000000d5889210,0x00000000d5900000)
  to   space 1024K, 0% used [0x00000000d5900000,0x00000000d5900000,0x00000000d5a00000)
 ParOldGen       total 861184K, used 861155K [0x0000000080000000, 0x00000000b4900000, 0x00000000d5580000)
  object space 861184K, 99% used [0x0000000080000000,0x00000000b48f8f40,0x00000000b4900000)
 Metaspace       used 76867K, committed 78336K, reserved 1179648K
  class space    used 7760K, committed 8512K, reserved 1048576K
}
Event: 11633.123 GC heap before
{Heap before GC invocations=629 (full 4):
 PSYoungGen      total 3584K, used 3108K [0x00000000d5580000, 0x00000000d5a00000, 0x0000000100000000)
  eden space 2560K, 100% used [0x00000000d5580000,0x00000000d5800000,0x00000000d5800000)
  from space 1024K, 53% used [0x00000000d5800000,0x00000000d5889210,0x00000000d5900000)
  to   space 1024K, 0% used [0x00000000d5900000,0x00000000d5900000,0x00000000d5a00000)
 ParOldGen       total 861184K, used 861155K [0x0000000080000000, 0x00000000b4900000, 0x00000000d5580000)
  object space 861184K, 99% used [0x0000000080000000,0x00000000b48f8f40,0x00000000b4900000)
 Metaspace       used 76867K, committed 78336K, reserved 1179648K
  class space    used 7760K, committed 8512K, reserved 1048576K
}
Event: 11633.128 GC heap after
{Heap after GC invocations=629 (full 4):
 PSYoungGen      total 3584K, used 522K [0x00000000d5580000, 0x00000000d5a00000, 0x0000000100000000)
  eden space 2560K, 0% used [0x00000000d5580000,0x00000000d5580000,0x00000000d5800000)
  from space 1024K, 51% used [0x00000000d5900000,0x00000000d5982910,0x00000000d5a00000)
  to   space 1024K, 0% used [0x00000000d5800000,0x00000000d5800000,0x00000000d5900000)
 ParOldGen       total 861696K, used 861203K [0x0000000080000000, 0x00000000b4980000, 0x00000000d5580000)
  object space 861696K, 99% used [0x0000000080000000,0x00000000b4904f40,0x00000000b4980000)
 Metaspace       used 76867K, committed 78336K, reserved 1179648K
  class space    used 7760K, committed 8512K, reserved 1048576K
}
Event: 11693.249 GC heap before
{Heap before GC invocations=630 (full 4):
 PSYoungGen      total 3584K, used 3082K [0x00000000d5580000, 0x00000000d5a00000, 0x0000000100000000)
  eden space 2560K, 100% used [0x00000000d5580000,0x00000000d5800000,0x00000000d5800000)
  from space 1024K, 51% used [0x00000000d5900000,0x00000000d5982910,0x00000000d5a00000)
  to   space 1024K, 0% used [0x00000000d5800000,0x00000000d5800000,0x00000000d5900000)
 ParOldGen       total 861696K, used 861203K [0x0000000080000000, 0x00000000b4980000, 0x00000000d5580000)
  object space 861696K, 99% used [0x0000000080000000,0x00000000b4904f40,0x00000000b4980000)
 Metaspace       used 76875K, committed 78336K, reserved 1179648K
  class space    used 7760K, committed 8512K, reserved 1048576K
}
Event: 11693.264 GC heap after
{Heap after GC invocations=630 (full 4):
 PSYoungGen      total 3584K, used 250K [0x00000000d5580000, 0x00000000d5980000, 0x0000000100000000)
  eden space 2560K, 0% used [0x00000000d5580000,0x00000000d5580000,0x00000000d5800000)
  from space 1024K, 24% used [0x00000000d5800000,0x00000000d583e900,0x00000000d5900000)
  to   space 512K, 0% used [0x00000000d5900000,0x00000000d5900000,0x00000000d5980000)
 ParOldGen       total 861696K, used 861203K [0x0000000080000000, 0x00000000b4980000, 0x00000000d5580000)
  object space 861696K, 99% used [0x0000000080000000,0x00000000b4904f40,0x00000000b4980000)
 Metaspace       used 76875K, committed 78336K, reserved 1179648K
  class space    used 7760K, committed 8512K, reserved 1048576K
}
Event: 11693.327 GC heap before
{Heap before GC invocations=631 (full 4):
 PSYoungGen      total 3584K, used 2810K [0x00000000d5580000, 0x00000000d5980000, 0x0000000100000000)
  eden space 2560K, 100% used [0x00000000d5580000,0x00000000d5800000,0x00000000d5800000)
  from space 1024K, 24% used [0x00000000d5800000,0x00000000d583e900,0x00000000d5900000)
  to   space 512K, 0% used [0x00000000d5900000,0x00000000d5900000,0x00000000d5980000)
 ParOldGen       total 861696K, used 861203K [0x0000000080000000, 0x00000000b4980000, 0x00000000d5580000)
  object space 861696K, 99% used [0x0000000080000000,0x00000000b4904f40,0x00000000b4980000)
 Metaspace       used 76875K, committed 78336K, reserved 1179648K
  class space    used 7760K, committed 8512K, reserved 1048576K
}
Event: 11693.330 GC heap after
{Heap after GC invocations=631 (full 4):
 PSYoungGen      total 3072K, used 282K [0x00000000d5580000, 0x00000000d5980000, 0x0000000100000000)
  eden space 2560K, 0% used [0x00000000d5580000,0x00000000d5580000,0x00000000d5800000)
  from space 512K, 55% used [0x00000000d5900000,0x00000000d5946900,0x00000000d5980000)
  to   space 512K, 0% used [0x00000000d5880000,0x00000000d5880000,0x00000000d5900000)
 ParOldGen       total 861696K, used 861267K [0x0000000080000000, 0x00000000b4980000, 0x00000000d5580000)
  object space 861696K, 99% used [0x0000000080000000,0x00000000b4914f50,0x00000000b4980000)
 Metaspace       used 76875K, committed 78336K, reserved 1179648K
  class space    used 7760K, committed 8512K, reserved 1048576K
}
Event: 11876.301 GC heap before
{Heap before GC invocations=632 (full 4):
 PSYoungGen      total 3072K, used 2842K [0x00000000d5580000, 0x00000000d5980000, 0x0000000100000000)
  eden space 2560K, 100% used [0x00000000d5580000,0x00000000d5800000,0x00000000d5800000)
  from space 512K, 55% used [0x00000000d5900000,0x00000000d5946900,0x00000000d5980000)
  to   space 512K, 0% used [0x00000000d5880000,0x00000000d5880000,0x00000000d5900000)
 ParOldGen       total 861696K, used 861267K [0x0000000080000000, 0x00000000b4980000, 0x00000000d5580000)
  object space 861696K, 99% used [0x0000000080000000,0x00000000b4914f50,0x00000000b4980000)
 Metaspace       used 76895K, committed 78464K, reserved 1179648K
  class space    used 7760K, committed 8512K, reserved 1048576K
}
Event: 11876.429 GC heap after
{Heap after GC invocations=632 (full 4):
 PSYoungGen      total 3072K, used 256K [0x00000000d5580000, 0x00000000d5980000, 0x0000000100000000)
  eden space 2560K, 0% used [0x00000000d5580000,0x00000000d5580000,0x00000000d5800000)
  from space 512K, 50% used [0x00000000d5880000,0x00000000d58c0000,0x00000000d5900000)
  to   space 512K, 0% used [0x00000000d5900000,0x00000000d5900000,0x00000000d5980000)
 ParOldGen       total 861696K, used 861267K [0x0000000080000000, 0x00000000b4980000, 0x00000000d5580000)
  object space 861696K, 99% used [0x0000000080000000,0x00000000b4914f50,0x00000000b4980000)
 Metaspace       used 76895K, committed 78464K, reserved 1179648K
  class space    used 7760K, committed 8512K, reserved 1048576K
}

